Change Component Designator: Old Designator=C? New Designator=C40
Change Component Designator: Old Designator=C? New Designator=C41
Change Component Designator: Old Designator=C? New Designator=C42
Change Component Designator: Old Designator=C? New Designator=C43
Change Component Designator: Old Designator=C? New Designator=C54
Change Component Designator: Old Designator=C? New Designator=C55
Change Component Designator: Old Designator=C? New Designator=C56
Change Component Designator: Old Designator=C? New Designator=C57
Change Component Designator: Old Designator=C? New Designator=C66
Change Component Designator: Old Designator=D? New Designator=D4
Change Component Designator: Old Designator=IC? New Designator=IC1
Change Component Designator: Old Designator=L? New Designator=L7
Change Component Designator: Old Designator=LED? New Designator=LED1
Change Component Designator: Old Designator=LED? New Designator=LED2
Change Component Designator: Old Designator=Q? New Designator=Q1
Change Component Designator: Old Designator=Q? New Designator=Q2
Change Component Designator: Old Designator=R? New Designator=R12
Change Component Designator: Old Designator=R? New Designator=R13
Change Component Designator: Old Designator=R? New Designator=R14
Change Component Designator: Old Designator=R? New Designator=R15
Change Component Designator: Old Designator=R? New Designator=R18
Change Component Designator: Old Designator=R? New Designator=R19
Change Component Designator: Old Designator=R? New Designator=R21
Change Component Designator: Old Designator=R? New Designator=R22
Change Component Designator: Old Designator=R? New Designator=R23
Change Component Designator: Old Designator=R? New Designator=R24
Change Component Designator: Old Designator=R? New Designator=R35
Change Component Designator: Old Designator=SW? New Designator=SW1
Change Component Designator: Old Designator=U? New Designator=U1
Change Component Designator: Old Designator=U? New Designator=U1
