Change Component Footprint: Designator=C55 Old Footprint=RAD-0.3 New Footprint=C_0603_2
Change Component Footprint: Designator=C60 Old Footprint=RAD-0.3 New Footprint=C_0603_2
Change Component Footprint: Designator=C61 Old Footprint=RAD-0.3 New Footprint=C_0603_2
Change Component Footprint: Designator=C69 Old Footprint=RAD-0.3 New Footprint=C_0603_2
Add Pin To Net: Unknown Pin: Pin U1-1
Add Pin To Net: Unknown Pin: Pin U1-2
Add Pin To Net: Unknown Pin: Pin U1-3
Add Pin To Net: Unknown Pin: Pin U1-4
Add Pin To Net: Unknown Pin: Pin U1-5
Add Pin To Net: Unknown Pin: Pin U1-6
Add Pin To Net: Unknown Pin: Pin U1-7
Add Pin To Net: Unknown Pin: Pin U1-8
Add Pin To Net: Unknown Pin: Pin U2-1
Add Pin To Net: Unknown Pin: Pin U2-2
Add Pin To Net: Unknown Pin: Pin U2-3
Add Pin To Net: Unknown Pin: Pin U2-4
Add Pin To Net: Unknown Pin: Pin U2-5
Add Pin To Net: Unknown Pin: Pin U2-6
Add Pin To Net: Unknown Pin: Pin U2-7
Add Pin To Net: Unknown Pin: Pin U2-8
Add Pin To Net: Unknown Pin: Pin VR2-2
Added Member To Class: ClassName=myAmp Member=Component C30 10uF
Added Member To Class: ClassName=myAmp Member=Component C31 15pF
Added Member To Class: ClassName=myAmp Member=Component L5 15nH
Added Member To Class: ClassName=myAmp Member=Component R9 100K
Add Class Member: Failed to add class member : Component U1 opa1612
Add Class Member: Failed to add class member : Component U2 opa1612
