Added Component: Designator=SCRW1(HOLE_3M)
Add component (AddParameter): Name = "ASSEMBLY"; Value = "DNP"; VariantName = "[No Variations]"
Add component (AddParameter): Name = "MANF"; Value = ""; VariantName = "[No Variations]"
Add component (AddParameter): Name = "MANF_P#"; Value = ""; VariantName = "[No Variations]"
Add component (AddParameter): Name = "VALUE"; Value = "SCREW"; VariantName = "[No Variations]"
Added Component: Designator=SCRW2(HOLE_3M)
Add component (AddParameter): Name = "ASSEMBLY"; Value = "DNP"; VariantName = "[No Variations]"
Add component (AddParameter): Name = "MANF"; Value = ""; VariantName = "[No Variations]"
Add component (AddParameter): Name = "MANF_P#"; Value = ""; VariantName = "[No Variations]"
Add component (AddParameter): Name = "VALUE"; Value = "SCREW"; VariantName = "[No Variations]"
Added Pin To Net: NetName=GNDA Pin=SCRW1-1
Added Pin To Net: NetName=GNDB Pin=SCRW2-1
Change Class Name : Old Net Name=C7_Nets New Net Name=SCRW2_Nets
Change Class Name : Old Net Name=C65_Nets New Net Name=SCRW1_Nets
Added Class: Name=C7_Nets
Added Class: Name=C65_Nets
Added Member To Class: ClassName=myAmp Member=Component SCRW1 SCREW
Added Member To Class: ClassName=myAmp Member=Component SCRW2 SCREW
Added Member To Class: ClassName=C2_Nets Member=Wire EN
Added Member To Class: ClassName=C3_Nets Member=Wire EN
Added Member To Class: ClassName=C8_Nets Member=Wire EN
Added Member To Class: ClassName=C64_Nets Member=Wire EN
Added Member To Class: ClassName=J6_Nets Member=Wire EN
Added Member To Class: ClassName=U3_Nets Member=Wire EN
Added Member To Class: ClassName=VR2_Nets Member=Wire EN
