Removed Pin From Net: NetName=+12A Pin=C9-1
Removed Pin From Net: NetName=+12A Pin=L8-1
Removed Pin From Net: NetName=+12A Pin=U3-1
Removed Member From Class: ClassName=C9_Nets Member=+12A
Removed Member From Class: ClassName=L8_Nets Member=+12A
Removed Member From Class: ClassName=C2_Nets Member=+36A
Removed Member From Class: ClassName=C3_Nets Member=+36A
Removed Member From Class: ClassName=C7_Nets Member=+36A
Removed Member From Class: ClassName=C8_Nets Member=+36A
Removed Member From Class: ClassName=U3_Nets Member=+36A
Added Pin To Net: NetName=+12 Pin=C9-1
Added Pin To Net: NetName=+36A Pin=C64-1
Added Pin To Net: NetName=+36A Pin=C65-1
Added Pin To Net: NetName=+36A Pin=J6-1
Added Pin To Net: NetName=+12 Pin=L8-1
Added Pin To Net: NetName=+12 Pin=U3-1
Added Pin To Net: NetName=+36A Pin=VR2-3
Added Pin To Net: NetName=+36A Pin=VR2-6
Added Pin To Net: NetName=+36A Pin=VR2-7
Change Net Name : Old Net Name=+36A New Net Name=EN
Added Member To Class: ClassName=C9_Nets Member=Wire +12
Added Member To Class: ClassName=L8_Nets Member=Wire +12
Added Member To Class: ClassName=U3_Nets Member=Wire +12
Added Member To Class: ClassName=C2_Nets Member=Wire EN
Added Member To Class: ClassName=C3_Nets Member=Wire EN
Added Member To Class: ClassName=C7_Nets Member=Wire EN
Added Member To Class: ClassName=C8_Nets Member=Wire EN
Added Member To Class: ClassName=U3_Nets Member=Wire EN
