Added Component: Designator=C4(C_0603_2)
Add component (AddParameter): Name = "LatestRevisionDate"; Value = "17-Jul-2002"; VariantName = "[No Variations]"
Add component (AddParameter): Name = "LatestRevisionNote"; Value = "Re-released for DXP Platform."; VariantName = "[No Variations]"
Add component (AddParameter): Name = "PackageDescription"; Value = "Radial Cap, Thru-Hole; 2 Leads; 0.3 in Pin Spacing"; VariantName = "[No Variations]"
Add component (AddParameter): Name = "PackageReference"; Value = "RAD-0.3"; VariantName = "[No Variations]"
Add component (AddParameter): Name = "Published"; Value = "8-Jun-2000"; VariantName = "[No Variations]"
Add component (AddParameter): Name = "Publisher"; Value = "Altium Limited"; VariantName = "[No Variations]"
Add component (AddParameter): Name = "Value"; Value = "1uF 250V"; VariantName = "[No Variations]"
Added Component: Designator=C11(C_MKP_THT)
Add component (AddParameter): Name = "LatestRevisionDate"; Value = "17-Jul-2002"; VariantName = "[No Variations]"
Add component (AddParameter): Name = "LatestRevisionNote"; Value = "Re-released for DXP Platform."; VariantName = "[No Variations]"
Add component (AddParameter): Name = "PackageDescription"; Value = "Radial Cap, Thru-Hole; 2 Leads; 0.3 in Pin Spacing"; VariantName = "[No Variations]"
Add component (AddParameter): Name = "PackageReference"; Value = "RAD-0.3"; VariantName = "[No Variations]"
Add component (AddParameter): Name = "Published"; Value = "8-Jun-2000"; VariantName = "[No Variations]"
Add component (AddParameter): Name = "Publisher"; Value = "Altium Limited"; VariantName = "[No Variations]"
Add component (AddParameter): Name = "Value"; Value = "1uF 250V"; VariantName = "[No Variations]"
Added Component: Designator=C21(C_MKP_THT)
Add component (AddParameter): Name = "LatestRevisionDate"; Value = "17-Jul-2002"; VariantName = "[No Variations]"
Add component (AddParameter): Name = "LatestRevisionNote"; Value = "Re-released for DXP Platform."; VariantName = "[No Variations]"
Add component (AddParameter): Name = "PackageDescription"; Value = "Radial Cap, Thru-Hole; 2 Leads; 0.3 in Pin Spacing"; VariantName = "[No Variations]"
Add component (AddParameter): Name = "PackageReference"; Value = "RAD-0.3"; VariantName = "[No Variations]"
Add component (AddParameter): Name = "Published"; Value = "8-Jun-2000"; VariantName = "[No Variations]"
Add component (AddParameter): Name = "Publisher"; Value = "Altium Limited"; VariantName = "[No Variations]"
Add component (AddParameter): Name = "Value"; Value = "1uF 250V"; VariantName = "[No Variations]"
Added Component: Designator=C28(C_MKP_THT)
Add component (AddParameter): Name = "LatestRevisionDate"; Value = "17-Jul-2002"; VariantName = "[No Variations]"
Add component (AddParameter): Name = "LatestRevisionNote"; Value = "Re-released for DXP Platform."; VariantName = "[No Variations]"
Add component (AddParameter): Name = "PackageDescription"; Value = "Radial Cap, Thru-Hole; 2 Leads; 0.3 in Pin Spacing"; VariantName = "[No Variations]"
Add component (AddParameter): Name = "PackageReference"; Value = "RAD-0.3"; VariantName = "[No Variations]"
Add component (AddParameter): Name = "Published"; Value = "8-Jun-2000"; VariantName = "[No Variations]"
Add component (AddParameter): Name = "Publisher"; Value = "Altium Limited"; VariantName = "[No Variations]"
Add component (AddParameter): Name = "Value"; Value = "1uF 250V"; VariantName = "[No Variations]"
Added Component: Designator=C?(C_5X11)
Add component (AddParameter): Name = "LatestRevisionDate"; Value = "17-Jul-2002"; VariantName = "[No Variations]"
Add component (AddParameter): Name = "LatestRevisionNote"; Value = "Re-released for DXP Platform."; VariantName = "[No Variations]"
Add component (AddParameter): Name = "PackageReference"; Value = "RAD-0.3"; VariantName = "[No Variations]"
Add component (AddParameter): Name = "Published"; Value = "8-Jun-2000"; VariantName = "[No Variations]"
Add component (AddParameter): Name = "Publisher"; Value = "Altium Limited"; VariantName = "[No Variations]"
Add component (AddParameter): Name = "Value"; Value = "10uF"; VariantName = "[No Variations]"
Added Pin To Net: NetName=Audio_OUT_R_P Pin=C4-1
Added Pin To Net: NetName=GNDB Pin=C4-2
Added Pin To Net: NetName=Audio_OUT_R_M Pin=C11-1
Added Pin To Net: NetName=GNDB Pin=C11-2
Added Pin To Net: NetName=Audio_OUT_L_P Pin=C21-1
Added Pin To Net: NetName=GNDB Pin=C21-2
Added Pin To Net: NetName=Audio_OUT_L_M Pin=C28-1
Added Pin To Net: NetName=GNDB Pin=C28-2
Added Pin To Net: NetName=AUDIO_L_P Pin=C?-1
Added Pin To Net: NetName=GNDB Pin=C?-2
Added Class: Name=C1_Nets
Added Class: Name=C2_Nets
Added Class: Name=C3_Nets
Added Class: Name=C4_Nets
Added Class: Name=C5_Nets
Added Class: Name=C6_Nets
Added Class: Name=C7_Nets
Added Class: Name=C8_Nets
Added Class: Name=C9_Nets
Added Class: Name=C10_Nets
Added Class: Name=C11_Nets
Added Class: Name=C12_Nets
Added Class: Name=C13_Nets
Added Class: Name=C14_Nets
Added Class: Name=C15_Nets
Added Class: Name=C16_Nets
Added Class: Name=C17_Nets
Added Class: Name=C18_Nets
Added Class: Name=C19_Nets
Added Class: Name=C20_Nets
Added Class: Name=C21_Nets
Added Class: Name=C22_Nets
Added Class: Name=C23_Nets
Added Class: Name=C24_Nets
Added Class: Name=C25_Nets
Added Class: Name=C26_Nets
Added Class: Name=C27_Nets
Added Class: Name=C28_Nets
Added Class: Name=C29_Nets
Added Class: Name=C30_Nets
Added Class: Name=C31_Nets
Added Class: Name=C32_Nets
Added Class: Name=C33_Nets
Added Class: Name=C34_Nets
Added Class: Name=C35_Nets
Added Class: Name=C36_Nets
Added Class: Name=C40_Nets
Added Class: Name=C41_Nets
Added Class: Name=C42_Nets
Added Class: Name=C44_Nets
Added Class: Name=C45_Nets
Added Class: Name=C46_Nets
Added Class: Name=C47_Nets
Added Class: Name=C50_Nets
Added Class: Name=C51_Nets
Added Class: Name=C52_Nets
Added Class: Name=C53_Nets
Added Class: Name=C55_Nets
Added Class: Name=C56_Nets
Added Class: Name=C64_Nets
Added Class: Name=C65_Nets
Added Class: Name=C67_Nets
Added Class: Name=C68_Nets
Added Class: Name=C69_Nets
Added Class: Name=C?_Nets
Added Class: Name=D1_Nets
Added Class: Name=D2_Nets
Added Class: Name=D3_Nets
Added Class: Name=J1_Nets
Added Class: Name=J3_Nets
Added Class: Name=J4_Nets
Added Class: Name=J6_Nets
Added Class: Name=JMP1_Nets
Added Class: Name=L1_Nets
Added Class: Name=L2_Nets
Added Class: Name=L3_Nets
Added Class: Name=L4_Nets
Added Class: Name=L5_Nets
Added Class: Name=L6_Nets
Added Class: Name=L7_Nets
Added Class: Name=L8_Nets
Added Class: Name=LED1_Nets
Added Class: Name=LED2_Nets
Added Class: Name=Q1_Nets
Added Class: Name=Q2_Nets
Added Class: Name=R1_Nets
Added Class: Name=R2_Nets
Added Class: Name=R3_Nets
Added Class: Name=R4_Nets
Added Class: Name=R5_Nets
Added Class: Name=R7_Nets
Added Class: Name=R9_Nets
Added Class: Name=R10_Nets
Added Class: Name=R11_Nets
Added Class: Name=R12_Nets
Added Class: Name=R13_Nets
Added Class: Name=R14_Nets
Added Class: Name=R15_Nets
Added Class: Name=R16_Nets
Added Class: Name=R17_Nets
Added Class: Name=R18_Nets
Added Class: Name=R19_Nets
Added Class: Name=R20_Nets
Added Class: Name=R21_Nets
Added Class: Name=R22_Nets
Added Class: Name=R23_Nets
Added Class: Name=R24_Nets
Added Class: Name=R25_Nets
Added Class: Name=R26_Nets
Added Class: Name=R27_Nets
Added Class: Name=R28_Nets
Added Class: Name=R29_Nets
Added Class: Name=R30_Nets
Added Class: Name=R31_Nets
Added Class: Name=R33_Nets
Added Class: Name=R35_Nets
Added Class: Name=SW_Nets
Added Class: Name=U1_Nets
Added Class: Name=U2_Nets
Added Class: Name=U3_Nets
Added Class: Name=VR1_Nets
Added Class: Name=VR2_Nets
Added Member To Class: ClassName=myAmp Member=Component C4
Added Member To Class: ClassName=myAmp Member=Component C11 PHE426HD7100JR06L2
Added Member To Class: ClassName=myAmp Member=Component C21 PHE426HD7100JR06L2
Added Member To Class: ClassName=myAmp Member=Component C28 PHE426HD7100JR06L2
Added Member To Class: ClassName=myAmp Member=Component C? 10uF
