Removed Pin From Net: NetName=OUT_A Pin=C2-1
Removed Pin From Net: NetName=DVDD Pin=C5-1
Removed Pin From Net: NetName=Audio_OUT_L_M Pin=C5-2
Removed Pin From Net: NetName=Audio_OUT_L_P Pin=C7-1
Removed Pin From Net: NetName=DVDD Pin=C8-1
Removed Pin From Net: NetName=Audio_OUT_L_M Pin=C8-2
Removed Pin From Net: NetName=Audio_OUT_L_M Pin=C9-2
Removed Pin From Net: NetName=DVDD Pin=C13-2
Removed Pin From Net: NetName=OUT_D Pin=C14-1
Removed Pin From Net: NetName=DVDD Pin=C15-1
Removed Pin From Net: NetName=Audio_OUT_R_M Pin=C15-2
Removed Pin From Net: NetName=DVDD Pin=C16-1
Removed Pin From Net: NetName=Audio_OUT_R_M Pin=C16-2
Removed Pin From Net: NetName=Audio_OUT_R_M Pin=C17-2
Removed Pin From Net: NetName=AUDIO_TPAIN_L_P Pin=C18-1
Removed Pin From Net: NetName=AUDIO_TPAIN_L_M Pin=C19-1
Removed Pin From Net: NetName=AUDIO_TPAIN_R_P Pin=C20-1
Removed Pin From Net: NetName=AUDIO_TPAIN_R_M Pin=C22-1
Removed Pin From Net: NetName=+12 Pin=C23-1
Removed Pin From Net: NetName=DVDD Pin=C23-2
Removed Pin From Net: NetName=DVDD Pin=C24-1
Removed Pin From Net: NetName=+12 Pin=C24-2
Removed Pin From Net: NetName=DVDD Pin=C25-1
Removed Pin From Net: NetName=DVDD Pin=C26-2
Removed Pin From Net: NetName=AUDIO_R+ Pin=C30-1
Removed Pin From Net: NetName=AUDIO_L+ Pin=C32-1
Removed Pin From Net: NetName=EN Pin=C34-1
Removed Pin From Net: NetName=DVDD Pin=C34-2
Removed Pin From Net: NetName=EN Pin=C37-1
Removed Pin From Net: NetName=DVDD Pin=C37-2
Removed Pin From Net: NetName=EN Pin=C38-1
Removed Pin From Net: NetName=DVDD Pin=C38-2
Removed Pin From Net: NetName=EN Pin=C39-1
Removed Pin From Net: NetName=DVDD Pin=C39-2
Removed Pin From Net: NetName=AUDIO_R+ Pin=C43-2
Removed Pin From Net: NetName=AUDIO_R_P Pin=C44-2
Removed Pin From Net: NetName=AUDIO_R_M Pin=C46-2
Removed Pin From Net: NetName=EN Pin=C48-1
Removed Pin From Net: NetName=DVDD Pin=C48-2
Removed Pin From Net: NetName=EN Pin=C49-1
Removed Pin From Net: NetName=DVDD Pin=C49-2
Removed Pin From Net: NetName=AUDIO_L_P Pin=C50-2
Removed Pin From Net: NetName=AUDIO_L_M Pin=C52-2
Removed Pin From Net: NetName=AUDIO_R_M Pin=C54-2
Removed Pin From Net: NetName=+12 Pin=C57-1
Removed Pin From Net: NetName=GNDA Pin=C57-2
Removed Pin From Net: NetName=AUDIO_L+ Pin=C58-2
Removed Pin From Net: NetName=AUDIO_L_M Pin=C59-2
Removed Pin From Net: NetName=GNDA Pin=C60-2
Removed Pin From Net: NetName=GNDA Pin=C61-2
Removed Pin From Net: NetName=+13.5 Pin=C67-1
Removed Pin From Net: NetName=GNDA Pin=C67-2
Removed Pin From Net: NetName=+12 Pin=C70-1
Removed Pin From Net: NetName=GNDA Pin=C70-2
Removed Pin From Net: NetName=Audio_OUT_L_P Pin=J3-2
Removed Pin From Net: NetName=Audio_OUT_L_M Pin=L2-2
Removed Pin From Net: NetName=Audio_OUT_R_M Pin=L4-2
Removed Pin From Net: NetName=DVDD Pin=R2-2
Removed Pin From Net: NetName=NetC17_1 Pin=R4-1
Removed Pin From Net: NetName=DVDD Pin=R4-2
Removed Pin From Net: NetName=+12 Pin=R5-1
Removed Pin From Net: NetName=+12 Pin=R6-1
Removed Pin From Net: NetName=NetC25_2 Pin=R6-2
Removed Pin From Net: NetName=DVDD Pin=R8-1
Removed Pin From Net: NetName=+12 Pin=R32-2
Removed Pin From Net: NetName=GNDA Pin=R34-1
Removed Pin From Net: NetName=DVDD Pin=SW-2
Removed Pin From Net: NetName=+12 Pin=U3-2
Removed Pin From Net: NetName=NetC27_1 Pin=U3-14
Removed Pin From Net: NetName=NetC20_2 Pin=U3-16
Removed Pin From Net: NetName=NetC25_2 Pin=U3-22
Removed Pin From Net: NetName=EN Pin=U3-29
Removed Pin From Net: NetName=EN Pin=U3-30
Removed Pin From Net: NetName=EN Pin=U3-31
Removed Pin From Net: NetName=EN Pin=U3-36
Removed Pin From Net: NetName=EN Pin=U3-37
Removed Pin From Net: NetName=EN Pin=U3-38
Removed Pin From Net: NetName=GNDA Pin=VR1-2
Change Component Footprint: Designator=J1 Old Footprint=AUDIO-TH_PJ-321B New Footprint=PCBComponent_1
Change Footprint: Footprint Not Found C_0603_2
Change Footprint: Footprint Not Found C_0603_2
Change Footprint: Footprint Not Found C_16X40
Change Footprint: Footprint Not Found C_16X40
Change Footprint: Footprint Not Found C_MKT_22.5MM
Change Footprint: Footprint Not Found C_MKT_22.5MM
Change Footprint: Footprint Not Found C_MKT_22.5MM
Change Footprint: Footprint Not Found C_MKT_22.5MM
Change Footprint: Footprint Not Found C_0603_2
Change Footprint: Footprint Not Found C_0603_2
Change Footprint: Footprint Not Found C_EL_5
Change Footprint: Footprint Not Found C_EL_5
Change Footprint: Footprint Not Found C_5X11
Change Footprint: Footprint Not Found C_5X11
Change Footprint: Footprint Not Found C_5X11
Change Footprint: Footprint Not Found C_5X11
Change Footprint: Footprint Not Found C_5X11
Change Footprint: Footprint Not Found C_5X11
Change Footprint: Footprint Not Found C_5X11
Change Footprint: Footprint Not Found C_0603_2
Change Footprint: Footprint Not Found C_0603_2
Change Footprint: Footprint Not Found R_1206
Change Footprint: Footprint Not Found R_1206
Change Footprint: Footprint Not Found R_1206
Change Footprint: Footprint Not Found R_1206
Change Footprint: Footprint Not Found R_1206
Change Footprint: Footprint Not Found SO8_2
Change Component Comment : Designator=C20 Old Comment=10uF New Comment=33nF
Change Component Comment : Designator=C22 Old Comment=10uF New Comment=
Change Component Comment : Designator=L1 Old Comment=10uH New Comment=MA5172
Change Component Comment : Designator=L2 Old Comment=10uH New Comment=MA5172
Change Component Comment : Designator=L3 Old Comment=10uH New Comment=MA5172
Change Component Comment : Designator=L4 Old Comment=10uH New Comment=MA5172
Change Component Comment : Designator=C3 Old Comment=33nF New Comment=1uF
Change Component Comment : Designator=C14 Old Comment=33nF New Comment=1uF
Change Component Comment : Designator=C2 Old Comment=33nF New Comment=
Change Component Comment : Designator=C11 Old Comment=33nF New Comment=PHE426HD7100JR06L2
Change Component Comment : Designator=C23 Old Comment=470uF New Comment=GRM1885C1H103JA01D
Change Component Comment : Designator=C34 Old Comment=470uF New Comment=GRM1885C1H103JA01D
Change Component Comment : Designator=C8 Old Comment=Cap New Comment=1uF
Change Component Comment : Designator=C15 Old Comment=Cap New Comment=1uF
Change Component Comment : Designator=C24 Old Comment=Cap New Comment=33nF
Change Component Comment : Designator=C25 Old Comment=Cap New Comment=33nF
Change Component Comment : Designator=C26 Old Comment=Cap New Comment=33nF
Change Component Comment : Designator=C27 Old Comment=Cap New Comment=47nF
Change Component Comment : Designator=C9 Old Comment=Cap New Comment=100nF
Change Component Comment : Designator=C10 Old Comment=Cap New Comment=100nF
Change Component Comment : Designator=C16 Old Comment=Cap New Comment=100nF
Change Component Comment : Designator=C17 Old Comment=Cap New Comment=100nF
Change Component Comment : Designator=C5 Old Comment=Cap New Comment=
Change Component Comment : Designator=C12 Old Comment=Cap New Comment=
Change Component Comment : Designator=C29 Old Comment=Cap New Comment=
Change Component Comment : Designator=C7 Old Comment=Cap New Comment=a
Change Component Comment : Designator=C6 Old Comment=Cap New Comment=GRM1885C1H103JA01D
Change Component Comment : Designator=C13 Old Comment=Cap New Comment=GRM1885C1H103JA01D
Change Component Comment : Designator=C4 Old Comment=Cap New Comment=PHE426HD7100JR06L2
Change Component Comment : Designator=C21 Old Comment=Cap New Comment=PHE426HD7100JR06L2
Change Component Comment : Designator=C28 Old Comment=Cap New Comment=PHE426HD7100JR06L2
Change Component Comment : Designator=Q1 Old Comment= DTA143EKA New Comment=DTA143EKA
Change Component Comment : Designator=Q2 Old Comment= DTA143EKA New Comment=DTA143EKA
Change Component Comment : Designator=R1 Old Comment=Res Semi New Comment=3.3
Change Component Comment : Designator=R2 Old Comment=Res Semi New Comment=3.3
Change Component Comment : Designator=R3 Old Comment=Res Semi New Comment=3.3
Change Component Comment : Designator=R7 Old Comment=Res Semi New Comment=3.3
Change Component Comment : Designator=R4 Old Comment=Res Semi New Comment=22K
Change Component Comment : Designator=R5 Old Comment=Res Semi New Comment=30K
Change Component Comment : Designator=R21 Old Comment=Res Semi New Comment=Res1
Change Component Comment : Designator=R22 Old Comment=Res Semi New Comment=Res1
Change Component Designator: OldDesignator=D4 NewDesignator=D3
Change Component Designator: OldDesignator=IC1 NewDesignator=VR2
Add Component: Footprint Not Found L_0603_2
Added Pin To Net: NetName=DVDD Pin=C2-2
Added Pin To Net: NetName=DVDD Pin=C3-2
Added Pin To Net: NetName=Audio_OUT_L_P Pin=C5-1
Added Pin To Net: NetName=DVDD Pin=C5-2
Added Pin To Net: NetName=DVDD Pin=C8-2
Added Pin To Net: NetName=DVDD Pin=C9-2
Added Pin To Net: NetName=DVDD Pin=C10-2
Added Pin To Net: NetName=Audio_OUT_R_M Pin=C11-1
Added Pin To Net: NetName=DVDD Pin=C11-2
Added Pin To Net: NetName=Audio_OUT_R_M Pin=C12-1
Added Pin To Net: NetName=Audio_OUT_R_M Pin=C13-1
Added Pin To Net: NetName=DVDD Pin=C14-2
Added Pin To Net: NetName=DVDD Pin=C15-2
Added Pin To Net: NetName=DVDD Pin=C16-2
Added Pin To Net: NetName=DVDD Pin=C17-2
Added Pin To Net: NetName=+13.5 Pin=C18-1
Added Pin To Net: NetName=GNDA Pin=C18-2
Added Pin To Net: NetName=+12 Pin=C19-1
Added Pin To Net: NetName=GNDA Pin=C19-2
Added Pin To Net: NetName=OUT_A Pin=C20-1
Added Pin To Net: NetName=DVDD Pin=C22-2
Added Pin To Net: NetName=OUT_D Pin=C26-1
Added Pin To Net: NetName=Audio_OUT_L_M Pin=C28-1
Added Pin To Net: NetName=Audio_OUT_L_M Pin=C29-1
Added Pin To Net: NetName=AUDIO_R+ Pin=C30-2
Added Pin To Net: NetName=AUDIO_L+ Pin=C32-2
Added Pin To Net: NetName=Audio_OUT_L_M Pin=C34-1
Added Pin To Net: NetName=AUDIO_R_P Pin=C44-1
Added Pin To Net: NetName=AUDIO_R_M Pin=C46-1
Added Pin To Net: NetName=AUDIO_L_P Pin=C50-1
Added Pin To Net: NetName=AUDIO_L_M Pin=C52-1
Added Pin To Net: NetName=GNDA Pin=C67-1
Added Pin To Net: NetName=+13.5 Pin=C67-2
Added Pin To Net: NetName=Audio_OUT_L_P Pin=J4-2
Added Pin To Net: NetName=Audio_OUT_R_M Pin=L2-2
Added Pin To Net: NetName=Audio_OUT_L_M Pin=L4-2
Add Pin To Net: Unknown Pin: Pin L8-2
Added Pin To Net: NetName=DVDD Pin=R2-1
Added Pin To Net: NetName=DVDD Pin=R4-1
Added Pin To Net: NetName=DVDD Pin=R5-1
Added Pin To Net: NetName=AUDIO_L+ Pin=R14-1
Added Pin To Net: NetName=AUDIO_L_M Pin=R15-1
Added Pin To Net: NetName=AUDIO_R+ Pin=R29-1
Added Pin To Net: NetName=AUDIO_R_M Pin=R30-1
Added Pin To Net: NetName=NetC55_1 Pin=U1-5
Added Pin To Net: NetName=NetC69_1 Pin=U2-5
Added Pin To Net: NetName=NetC17_1 Pin=U3-2
Added Pin To Net: NetName=AUDIO_TPAIN_R_P Pin=U3-5
Added Pin To Net: NetName=AUDIO_TPAIN_R_M Pin=U3-6
Added Pin To Net: NetName=NetC27_1 Pin=U3-15
Added Pin To Net: NetName=AUDIO_TPAIN_L_P Pin=U3-16
Added Pin To Net: NetName=AUDIO_TPAIN_L_M Pin=U3-17
Added Pin To Net: NetName=NetC25_2 Pin=U3-24
Added Pin To Net: NetName=NetC20_2 Pin=U3-44
Change Net Name : Old Net Name=Audio_OUT_L_P New Net Name=Audio_OUT_R_P
Change Net Name : Old Net Name=DVDD New Net Name=GNDB
Change Net Name : Old Net Name=OUT_A New Net Name=AUDIO_W_R_P++
Change Net Name : Old Net Name=OUT_D New Net Name=AUDIO_W_L_M++
Added Pin To Net: NetName=+12A Pin=C9-1
Added Pin To Net: NetName=+12A Pin=C10-1
Added Pin To Net: NetName=+12A Pin=U3-1
Added Pin To Net: NetName=+12A Pin=U3-22
Added Net: Name=+12A
Added Pin To Net: NetName=+36A Pin=C2-1
Added Pin To Net: NetName=+36A Pin=C3-1
Added Pin To Net: NetName=+36A Pin=C7-1
Added Pin To Net: NetName=+36A Pin=C8-1
Added Pin To Net: NetName=+36A Pin=U3-29
Added Pin To Net: NetName=+36A Pin=U3-30
Added Pin To Net: NetName=+36A Pin=U3-31
Added Pin To Net: NetName=+36A Pin=U3-36
Added Pin To Net: NetName=+36A Pin=U3-37
Added Pin To Net: NetName=+36A Pin=U3-38
Added Net: Name=+36A
Added Pin To Net: NetName=Audio_OUT_L_P Pin=C21-1
Added Pin To Net: NetName=Audio_OUT_L_P Pin=C22-1
Added Pin To Net: NetName=Audio_OUT_L_P Pin=C23-1
Added Pin To Net: NetName=Audio_OUT_L_P Pin=J3-2
Added Pin To Net: NetName=Audio_OUT_L_P Pin=L3-2
Added Net: Name=Audio_OUT_L_P
Added Pin To Net: NetName=AUDIO_W_L_P++ Pin=C25-1
Added Pin To Net: NetName=AUDIO_W_L_P++ Pin=L3-1
Added Pin To Net: NetName=AUDIO_W_L_P++ Pin=U3-32
Added Net: Name=AUDIO_W_L_P++
Added Pin To Net: NetName=AUDIO_W_R_M++ Pin=C24-1
Added Pin To Net: NetName=AUDIO_W_R_M++ Pin=L2-1
Added Pin To Net: NetName=AUDIO_W_R_M++ Pin=U3-35
Added Net: Name=AUDIO_W_R_M++
Added Pin To Net: NetName=DVDD Pin=C14-1
Added Pin To Net: NetName=DVDD Pin=SW-2
Added Pin To Net: NetName=DVDD Pin=U3-11
Added Net: Name=DVDD
Added Pin To Net: NetName=NetC13_2 Pin=C13-2
Added Pin To Net: NetName=NetC13_2 Pin=R2-2
Added Net: Name=NetC13_2
Added Pin To Net: NetName=NetC15_1 Pin=C15-1
Added Pin To Net: NetName=NetC15_1 Pin=U3-14
Added Net: Name=NetC15_1
Added Pin To Net: NetName=NetC16_1 Pin=C16-1
Added Pin To Net: NetName=NetC16_1 Pin=U3-20
Added Net: Name=NetC16_1
Added Pin To Net: NetName=NetC23_2 Pin=C23-2
Added Pin To Net: NetName=NetC23_2 Pin=R3-2
Added Net: Name=NetC23_2
Added Pin To Net: NetName=NetC24_2 Pin=C24-2
Added Pin To Net: NetName=NetC24_2 Pin=U3-43
Added Net: Name=NetC24_2
Added Pin To Net: NetName=NetC26_2 Pin=C26-2
Added Pin To Net: NetName=NetC26_2 Pin=U3-23
Added Net: Name=NetC26_2
Added Pin To Net: NetName=NetC30_1 Pin=C30-1
Added Pin To Net: NetName=NetC30_1 Pin=C31-2
Added Pin To Net: NetName=NetC30_1 Pin=L5-2
Added Net: Name=NetC30_1
Added Pin To Net: NetName=NetC32_1 Pin=C32-1
Added Pin To Net: NetName=NetC32_1 Pin=C33-2
Added Pin To Net: NetName=NetC32_1 Pin=L6-2
Added Net: Name=NetC32_1
Added Pin To Net: NetName=NetC34_2 Pin=C34-2
Added Pin To Net: NetName=NetC34_2 Pin=R7-2
Added Net: Name=NetC34_2
Added Pin To Net: NetName=NetC44_2 Pin=C44-2
Added Pin To Net: NetName=NetC44_2 Pin=R11-1
Added Net: Name=NetC44_2
Added Pin To Net: NetName=NetC46_2 Pin=C46-2
Added Pin To Net: NetName=NetC46_2 Pin=R16-1
Added Net: Name=NetC46_2
Added Pin To Net: NetName=NetC50_2 Pin=C50-2
Added Pin To Net: NetName=NetC50_2 Pin=R17-1
Added Net: Name=NetC50_2
Added Pin To Net: NetName=NetC52_2 Pin=C52-2
Added Pin To Net: NetName=NetC52_2 Pin=R20-1
Added Net: Name=NetC52_2
Added Pin To Net: NetName=NetR4_2 Pin=R4-2
Added Pin To Net: NetName=NetR4_2 Pin=U3-7
Added Net: Name=NetR4_2
Added Pin To Net: NetName=NetR5_2 Pin=R5-2
Added Pin To Net: NetName=NetR5_2 Pin=U3-8
Added Net: Name=NetR5_2
Added Pin To Net: NetName=NetR21_1 Pin=R21-1
Added Pin To Net: NetName=NetR21_1 Pin=R22-2
Added Pin To Net: NetName=NetR21_1 Pin=VR1-2
Added Net: Name=NetR21_1
Added Member To Class: ClassName=myAmp Member=Component D3 Schottky 100V/1A
Add Class Member: Failed to add class member : Component L8 10uH
Added Member To Class: ClassName=myAmp Member=Component VR2 MP9486AGN-Z
